<?xml version="1.0" encoding="UTF-8"?>
<!-- Generated by org.testng.reporters.JUnitReportReporter -->
<testsuite skipped="0" hostname="GYELB5SA05" name="org.test1.TestNG" tests="1" failures="0" timestamp="16 Dec 2020 18:26:29 GMT" time="3.602" errors="0">
  <testcase name="testCase1" time="3.602" classname="org.test1.TestNG"/>
</testsuite> <!-- org.test1.TestNG -->
